reading samples...
starting to mix
0
n4N-0.1641-h1-0.0103-mMET19M01505M1-0.2327-o5O-0.0258-hemA3857-0.0788-cMET19M00826-0.1131-n23N-0.3752-12000000-36
1
n4N-0.1641-h1-0.0103-mMET19M01505M1-0.2327-o5O-0.0258-hemA3857-0.0788-cMET19M00826-0.1131-n23N-0.3752-12000000-10000
2
n4N-0.1641-h1-0.0103-mMET19M01505M1-0.2327-o5O-0.0258-hemA3857-0.0788-cMET19M00826-0.1131-n23N-0.3752-12000000-193060
3
n4N-0.1857-h1-0.1668-mMET19M01505M1-0.2581-o5O-0.0212-hemA3857-0.0689-cMET19M00826-0.0431-n23N-0.2563-12000000-36
4
n4N-0.1857-h1-0.1668-mMET19M01505M1-0.2581-o5O-0.0212-hemA3857-0.0689-cMET19M00826-0.0431-n23N-0.2563-12000000-10000
5
n4N-0.1857-h1-0.1668-mMET19M01505M1-0.2581-o5O-0.0212-hemA3857-0.0689-cMET19M00826-0.0431-n23N-0.2563-12000000-193060
6
n4N-0.3546-h1-0.0831-mMET19M01505M1-0.0034-o5O-0.2028-hemA3857-0.0440-cMET19M00826-0.1826-n23N-0.1295-12000000-36
7
n4N-0.3546-h1-0.0831-mMET19M01505M1-0.0034-o5O-0.2028-hemA3857-0.0440-cMET19M00826-0.1826-n23N-0.1295-12000000-10000
8
n4N-0.3546-h1-0.0831-mMET19M01505M1-0.0034-o5O-0.2028-hemA3857-0.0440-cMET19M00826-0.1826-n23N-0.1295-12000000-193060
9
n4N-0.2551-h1-0.0403-mMET19M01505M1-0.2253-o5O-0.1890-hemA3857-0.2150-cMET19M00826-0.0725-n23N-0.0029-12000000-36
10
n4N-0.2551-h1-0.0403-mMET19M01505M1-0.2253-o5O-0.1890-hemA3857-0.2150-cMET19M00826-0.0725-n23N-0.0029-12000000-10000
11
n4N-0.2551-h1-0.0403-mMET19M01505M1-0.2253-o5O-0.1890-hemA3857-0.2150-cMET19M00826-0.0725-n23N-0.0029-12000000-193060
12
n4N-0.0989-h1-0.0375-mMET19M01505M1-0.1840-o5O-0.0571-hemA3857-0.2921-cMET19M00826-0.1795-n23N-0.1509-12000000-36
13
n4N-0.0989-h1-0.0375-mMET19M01505M1-0.1840-o5O-0.0571-hemA3857-0.2921-cMET19M00826-0.1795-n23N-0.1509-12000000-10000
14
n4N-0.0989-h1-0.0375-mMET19M01505M1-0.1840-o5O-0.0571-hemA3857-0.2921-cMET19M00826-0.1795-n23N-0.1509-12000000-193060
15
n4N-0.1437-h1-0.1573-mMET19M01505M1-0.0455-o5O-0.0361-hemA3857-0.0897-cMET19M00826-0.0481-n23N-0.4796-12000000-36
16
n4N-0.1437-h1-0.1573-mMET19M01505M1-0.0455-o5O-0.0361-hemA3857-0.0897-cMET19M00826-0.0481-n23N-0.4796-12000000-10000
17
n4N-0.1437-h1-0.1573-mMET19M01505M1-0.0455-o5O-0.0361-hemA3857-0.0897-cMET19M00826-0.0481-n23N-0.4796-12000000-193060
18
n4N-0.4750-h1-0.0942-mMET19M01505M1-0.0136-o5O-0.1994-hemA3857-0.0174-cMET19M00826-0.0776-n23N-0.1227-12000000-36
19
n4N-0.4750-h1-0.0942-mMET19M01505M1-0.0136-o5O-0.1994-hemA3857-0.0174-cMET19M00826-0.0776-n23N-0.1227-12000000-10000
20
n4N-0.4750-h1-0.0942-mMET19M01505M1-0.0136-o5O-0.1994-hemA3857-0.0174-cMET19M00826-0.0776-n23N-0.1227-12000000-193060
21
n4N-0.1341-h1-0.0514-mMET19M01505M1-0.0919-o5O-0.5439-hemA3857-0.0863-cMET19M00826-0.0391-n23N-0.0533-12000000-36
22
n4N-0.1341-h1-0.0514-mMET19M01505M1-0.0919-o5O-0.5439-hemA3857-0.0863-cMET19M00826-0.0391-n23N-0.0533-12000000-10000
23
n4N-0.1341-h1-0.0514-mMET19M01505M1-0.0919-o5O-0.5439-hemA3857-0.0863-cMET19M00826-0.0391-n23N-0.0533-12000000-193060
24
n4N-0.0811-h1-0.0467-mMET19M01505M1-0.0786-o5O-0.2498-hemA3857-0.0360-cMET19M00826-0.2321-n23N-0.2756-12000000-36
25
n4N-0.0811-h1-0.0467-mMET19M01505M1-0.0786-o5O-0.2498-hemA3857-0.0360-cMET19M00826-0.2321-n23N-0.2756-12000000-10000
26
n4N-0.0811-h1-0.0467-mMET19M01505M1-0.0786-o5O-0.2498-hemA3857-0.0360-cMET19M00826-0.2321-n23N-0.2756-12000000-193060
27
n4N-0.1212-h1-0.0506-mMET19M01505M1-0.3127-o5O-0.1505-hemA3857-0.0405-cMET19M00826-0.1945-n23N-0.1300-12000000-36
28
n4N-0.1212-h1-0.0506-mMET19M01505M1-0.3127-o5O-0.1505-hemA3857-0.0405-cMET19M00826-0.1945-n23N-0.1300-12000000-10000
29
n4N-0.1212-h1-0.0506-mMET19M01505M1-0.3127-o5O-0.1505-hemA3857-0.0405-cMET19M00826-0.1945-n23N-0.1300-12000000-193060
30
n7N-0.1641-hL9516-0.0103-mMET19M01505M1-0.2327-o11O-0.0258-hemA3833-0.0788-cMET19M00796-0.1131-n21N-0.3752-12000000-36
31
n7N-0.1641-hL9516-0.0103-mMET19M01505M1-0.2327-o11O-0.0258-hemA3833-0.0788-cMET19M00796-0.1131-n21N-0.3752-12000000-10000
32
n7N-0.1641-hL9516-0.0103-mMET19M01505M1-0.2327-o11O-0.0258-hemA3833-0.0788-cMET19M00796-0.1131-n21N-0.3752-12000000-193060
33
n7N-0.1857-hL9516-0.1668-mMET19M01505M1-0.2581-o11O-0.0212-hemA3833-0.0689-cMET19M00796-0.0431-n21N-0.2563-12000000-36
34
n7N-0.1857-hL9516-0.1668-mMET19M01505M1-0.2581-o11O-0.0212-hemA3833-0.0689-cMET19M00796-0.0431-n21N-0.2563-12000000-10000
35
n7N-0.1857-hL9516-0.1668-mMET19M01505M1-0.2581-o11O-0.0212-hemA3833-0.0689-cMET19M00796-0.0431-n21N-0.2563-12000000-193060
36
n7N-0.3546-hL9516-0.0831-mMET19M01505M1-0.0034-o11O-0.2028-hemA3833-0.0440-cMET19M00796-0.1826-n21N-0.1295-12000000-36
37
n7N-0.3546-hL9516-0.0831-mMET19M01505M1-0.0034-o11O-0.2028-hemA3833-0.0440-cMET19M00796-0.1826-n21N-0.1295-12000000-10000
38
n7N-0.3546-hL9516-0.0831-mMET19M01505M1-0.0034-o11O-0.2028-hemA3833-0.0440-cMET19M00796-0.1826-n21N-0.1295-12000000-193060
39
n7N-0.2551-hL9516-0.0403-mMET19M01505M1-0.2253-o11O-0.1890-hemA3833-0.2150-cMET19M00796-0.0725-n21N-0.0029-12000000-36
40
n7N-0.2551-hL9516-0.0403-mMET19M01505M1-0.2253-o11O-0.1890-hemA3833-0.2150-cMET19M00796-0.0725-n21N-0.0029-12000000-10000
41
n7N-0.2551-hL9516-0.0403-mMET19M01505M1-0.2253-o11O-0.1890-hemA3833-0.2150-cMET19M00796-0.0725-n21N-0.0029-12000000-193060
42
n7N-0.0989-hL9516-0.0375-mMET19M01505M1-0.1840-o11O-0.0571-hemA3833-0.2921-cMET19M00796-0.1795-n21N-0.1509-12000000-36
43
n7N-0.0989-hL9516-0.0375-mMET19M01505M1-0.1840-o11O-0.0571-hemA3833-0.2921-cMET19M00796-0.1795-n21N-0.1509-12000000-10000
44
n7N-0.0989-hL9516-0.0375-mMET19M01505M1-0.1840-o11O-0.0571-hemA3833-0.2921-cMET19M00796-0.1795-n21N-0.1509-12000000-193060
45
n7N-0.1437-hL9516-0.1573-mMET19M01505M1-0.0455-o11O-0.0361-hemA3833-0.0897-cMET19M00796-0.0481-n21N-0.4796-12000000-36
46
n7N-0.1437-hL9516-0.1573-mMET19M01505M1-0.0455-o11O-0.0361-hemA3833-0.0897-cMET19M00796-0.0481-n21N-0.4796-12000000-10000
47
n7N-0.1437-hL9516-0.1573-mMET19M01505M1-0.0455-o11O-0.0361-hemA3833-0.0897-cMET19M00796-0.0481-n21N-0.4796-12000000-193060
48
n7N-0.4750-hL9516-0.0942-mMET19M01505M1-0.0136-o11O-0.1994-hemA3833-0.0174-cMET19M00796-0.0776-n21N-0.1227-12000000-36
49
n7N-0.4750-hL9516-0.0942-mMET19M01505M1-0.0136-o11O-0.1994-hemA3833-0.0174-cMET19M00796-0.0776-n21N-0.1227-12000000-10000
50
n7N-0.4750-hL9516-0.0942-mMET19M01505M1-0.0136-o11O-0.1994-hemA3833-0.0174-cMET19M00796-0.0776-n21N-0.1227-12000000-193060
51
n7N-0.1341-hL9516-0.0514-mMET19M01505M1-0.0919-o11O-0.5439-hemA3833-0.0863-cMET19M00796-0.0391-n21N-0.0533-12000000-36
52
n7N-0.1341-hL9516-0.0514-mMET19M01505M1-0.0919-o11O-0.5439-hemA3833-0.0863-cMET19M00796-0.0391-n21N-0.0533-12000000-10000
53
n7N-0.1341-hL9516-0.0514-mMET19M01505M1-0.0919-o11O-0.5439-hemA3833-0.0863-cMET19M00796-0.0391-n21N-0.0533-12000000-193060
54
n7N-0.0811-hL9516-0.0467-mMET19M01505M1-0.0786-o11O-0.2498-hemA3833-0.0360-cMET19M00796-0.2321-n21N-0.2756-12000000-36
55
n7N-0.0811-hL9516-0.0467-mMET19M01505M1-0.0786-o11O-0.2498-hemA3833-0.0360-cMET19M00796-0.2321-n21N-0.2756-12000000-10000
56
n7N-0.0811-hL9516-0.0467-mMET19M01505M1-0.0786-o11O-0.2498-hemA3833-0.0360-cMET19M00796-0.2321-n21N-0.2756-12000000-193060
57
n7N-0.1212-hL9516-0.0506-mMET19M01505M1-0.3127-o11O-0.1505-hemA3833-0.0405-cMET19M00796-0.1945-n21N-0.1300-12000000-36
58
n7N-0.1212-hL9516-0.0506-mMET19M01505M1-0.3127-o11O-0.1505-hemA3833-0.0405-cMET19M00796-0.1945-n21N-0.1300-12000000-10000
59
n7N-0.1212-hL9516-0.0506-mMET19M01505M1-0.3127-o11O-0.1505-hemA3833-0.0405-cMET19M00796-0.1945-n21N-0.1300-12000000-193060
60
n11N-0.1641-hL9532-0.0103-mMET19M01490M1-0.2327-o6O-0.0258-hemA3855-0.0788-cMET19M00780-0.1131-n26N-0.3752-12000000-36
61
n11N-0.1641-hL9532-0.0103-mMET19M01490M1-0.2327-o6O-0.0258-hemA3855-0.0788-cMET19M00780-0.1131-n26N-0.3752-12000000-10000
62
n11N-0.1641-hL9532-0.0103-mMET19M01490M1-0.2327-o6O-0.0258-hemA3855-0.0788-cMET19M00780-0.1131-n26N-0.3752-12000000-193060
63
n11N-0.1857-hL9532-0.1668-mMET19M01490M1-0.2581-o6O-0.0212-hemA3855-0.0689-cMET19M00780-0.0431-n26N-0.2563-12000000-36
64
n11N-0.1857-hL9532-0.1668-mMET19M01490M1-0.2581-o6O-0.0212-hemA3855-0.0689-cMET19M00780-0.0431-n26N-0.2563-12000000-10000
65
n11N-0.1857-hL9532-0.1668-mMET19M01490M1-0.2581-o6O-0.0212-hemA3855-0.0689-cMET19M00780-0.0431-n26N-0.2563-12000000-193060
66
n11N-0.3546-hL9532-0.0831-mMET19M01490M1-0.0034-o6O-0.2028-hemA3855-0.0440-cMET19M00780-0.1826-n26N-0.1295-12000000-36
67
n11N-0.3546-hL9532-0.0831-mMET19M01490M1-0.0034-o6O-0.2028-hemA3855-0.0440-cMET19M00780-0.1826-n26N-0.1295-12000000-10000
68
n11N-0.3546-hL9532-0.0831-mMET19M01490M1-0.0034-o6O-0.2028-hemA3855-0.0440-cMET19M00780-0.1826-n26N-0.1295-12000000-193060
69
n11N-0.2551-hL9532-0.0403-mMET19M01490M1-0.2253-o6O-0.1890-hemA3855-0.2150-cMET19M00780-0.0725-n26N-0.0029-12000000-36
70
n11N-0.2551-hL9532-0.0403-mMET19M01490M1-0.2253-o6O-0.1890-hemA3855-0.2150-cMET19M00780-0.0725-n26N-0.0029-12000000-10000
71
n11N-0.2551-hL9532-0.0403-mMET19M01490M1-0.2253-o6O-0.1890-hemA3855-0.2150-cMET19M00780-0.0725-n26N-0.0029-12000000-193060
72
n11N-0.0989-hL9532-0.0375-mMET19M01490M1-0.1840-o6O-0.0571-hemA3855-0.2921-cMET19M00780-0.1795-n26N-0.1509-12000000-36
73
n11N-0.0989-hL9532-0.0375-mMET19M01490M1-0.1840-o6O-0.0571-hemA3855-0.2921-cMET19M00780-0.1795-n26N-0.1509-12000000-10000
74
n11N-0.0989-hL9532-0.0375-mMET19M01490M1-0.1840-o6O-0.0571-hemA3855-0.2921-cMET19M00780-0.1795-n26N-0.1509-12000000-193060
75
n11N-0.1437-hL9532-0.1573-mMET19M01490M1-0.0455-o6O-0.0361-hemA3855-0.0897-cMET19M00780-0.0481-n26N-0.4796-12000000-36
76
n11N-0.1437-hL9532-0.1573-mMET19M01490M1-0.0455-o6O-0.0361-hemA3855-0.0897-cMET19M00780-0.0481-n26N-0.4796-12000000-10000
77
n11N-0.1437-hL9532-0.1573-mMET19M01490M1-0.0455-o6O-0.0361-hemA3855-0.0897-cMET19M00780-0.0481-n26N-0.4796-12000000-193060
78
n11N-0.4750-hL9532-0.0942-mMET19M01490M1-0.0136-o6O-0.1994-hemA3855-0.0174-cMET19M00780-0.0776-n26N-0.1227-12000000-36
79
n11N-0.4750-hL9532-0.0942-mMET19M01490M1-0.0136-o6O-0.1994-hemA3855-0.0174-cMET19M00780-0.0776-n26N-0.1227-12000000-10000
80
n11N-0.4750-hL9532-0.0942-mMET19M01490M1-0.0136-o6O-0.1994-hemA3855-0.0174-cMET19M00780-0.0776-n26N-0.1227-12000000-193060
81
n11N-0.1341-hL9532-0.0514-mMET19M01490M1-0.0919-o6O-0.5439-hemA3855-0.0863-cMET19M00780-0.0391-n26N-0.0533-12000000-36
82
n11N-0.1341-hL9532-0.0514-mMET19M01490M1-0.0919-o6O-0.5439-hemA3855-0.0863-cMET19M00780-0.0391-n26N-0.0533-12000000-10000
83
n11N-0.1341-hL9532-0.0514-mMET19M01490M1-0.0919-o6O-0.5439-hemA3855-0.0863-cMET19M00780-0.0391-n26N-0.0533-12000000-193060
84
n11N-0.0811-hL9532-0.0467-mMET19M01490M1-0.0786-o6O-0.2498-hemA3855-0.0360-cMET19M00780-0.2321-n26N-0.2756-12000000-36
85
n11N-0.0811-hL9532-0.0467-mMET19M01490M1-0.0786-o6O-0.2498-hemA3855-0.0360-cMET19M00780-0.2321-n26N-0.2756-12000000-10000
86
n11N-0.0811-hL9532-0.0467-mMET19M01490M1-0.0786-o6O-0.2498-hemA3855-0.0360-cMET19M00780-0.2321-n26N-0.2756-12000000-193060
87
n11N-0.1212-hL9532-0.0506-mMET19M01490M1-0.3127-o6O-0.1505-hemA3855-0.0405-cMET19M00780-0.1945-n26N-0.1300-12000000-36
88
n11N-0.1212-hL9532-0.0506-mMET19M01490M1-0.3127-o6O-0.1505-hemA3855-0.0405-cMET19M00780-0.1945-n26N-0.1300-12000000-10000
89
n11N-0.1212-hL9532-0.0506-mMET19M01490M1-0.3127-o6O-0.1505-hemA3855-0.0405-cMET19M00780-0.1945-n26N-0.1300-12000000-193060
90
n6N-0.1641-hL9536-0.0103-mMET19M01502M1-0.2327-o4O-0.0258-hemA3859-0.0788-cMET19M00798-0.1131-n22N-0.3752-12000000-36
91
n6N-0.1641-hL9536-0.0103-mMET19M01502M1-0.2327-o4O-0.0258-hemA3859-0.0788-cMET19M00798-0.1131-n22N-0.3752-12000000-10000
92
n6N-0.1641-hL9536-0.0103-mMET19M01502M1-0.2327-o4O-0.0258-hemA3859-0.0788-cMET19M00798-0.1131-n22N-0.3752-12000000-193060
93
n6N-0.1857-hL9536-0.1668-mMET19M01502M1-0.2581-o4O-0.0212-hemA3859-0.0689-cMET19M00798-0.0431-n22N-0.2563-12000000-36
94
n6N-0.1857-hL9536-0.1668-mMET19M01502M1-0.2581-o4O-0.0212-hemA3859-0.0689-cMET19M00798-0.0431-n22N-0.2563-12000000-10000
95
n6N-0.1857-hL9536-0.1668-mMET19M01502M1-0.2581-o4O-0.0212-hemA3859-0.0689-cMET19M00798-0.0431-n22N-0.2563-12000000-193060
96
n6N-0.3546-hL9536-0.0831-mMET19M01502M1-0.0034-o4O-0.2028-hemA3859-0.0440-cMET19M00798-0.1826-n22N-0.1295-12000000-36
97
n6N-0.3546-hL9536-0.0831-mMET19M01502M1-0.0034-o4O-0.2028-hemA3859-0.0440-cMET19M00798-0.1826-n22N-0.1295-12000000-10000
98
n6N-0.3546-hL9536-0.0831-mMET19M01502M1-0.0034-o4O-0.2028-hemA3859-0.0440-cMET19M00798-0.1826-n22N-0.1295-12000000-193060
99
n6N-0.2551-hL9536-0.0403-mMET19M01502M1-0.2253-o4O-0.1890-hemA3859-0.2150-cMET19M00798-0.0725-n22N-0.0029-12000000-36
100
n6N-0.2551-hL9536-0.0403-mMET19M01502M1-0.2253-o4O-0.1890-hemA3859-0.2150-cMET19M00798-0.0725-n22N-0.0029-12000000-10000
101
n6N-0.2551-hL9536-0.0403-mMET19M01502M1-0.2253-o4O-0.1890-hemA3859-0.2150-cMET19M00798-0.0725-n22N-0.0029-12000000-193060
102
n6N-0.0989-hL9536-0.0375-mMET19M01502M1-0.1840-o4O-0.0571-hemA3859-0.2921-cMET19M00798-0.1795-n22N-0.1509-12000000-36
103
n6N-0.0989-hL9536-0.0375-mMET19M01502M1-0.1840-o4O-0.0571-hemA3859-0.2921-cMET19M00798-0.1795-n22N-0.1509-12000000-10000
104
n6N-0.0989-hL9536-0.0375-mMET19M01502M1-0.1840-o4O-0.0571-hemA3859-0.2921-cMET19M00798-0.1795-n22N-0.1509-12000000-193060
105
n6N-0.1437-hL9536-0.1573-mMET19M01502M1-0.0455-o4O-0.0361-hemA3859-0.0897-cMET19M00798-0.0481-n22N-0.4796-12000000-36
106
n6N-0.1437-hL9536-0.1573-mMET19M01502M1-0.0455-o4O-0.0361-hemA3859-0.0897-cMET19M00798-0.0481-n22N-0.4796-12000000-10000
107
n6N-0.1437-hL9536-0.1573-mMET19M01502M1-0.0455-o4O-0.0361-hemA3859-0.0897-cMET19M00798-0.0481-n22N-0.4796-12000000-193060
108
n6N-0.4750-hL9536-0.0942-mMET19M01502M1-0.0136-o4O-0.1994-hemA3859-0.0174-cMET19M00798-0.0776-n22N-0.1227-12000000-36
109
n6N-0.4750-hL9536-0.0942-mMET19M01502M1-0.0136-o4O-0.1994-hemA3859-0.0174-cMET19M00798-0.0776-n22N-0.1227-12000000-10000
110
n6N-0.4750-hL9536-0.0942-mMET19M01502M1-0.0136-o4O-0.1994-hemA3859-0.0174-cMET19M00798-0.0776-n22N-0.1227-12000000-193060
111
not enough reads! Asked for 6526884, but sample has 3853758.
112
not enough reads! Asked for 6526884, but sample has 3853758.
113
not enough reads! Asked for 6526884, but sample has 3853758.
114
n6N-0.0811-hL9536-0.0467-mMET19M01502M1-0.0786-o4O-0.2498-hemA3859-0.0360-cMET19M00798-0.2321-n22N-0.2756-12000000-36
115
n6N-0.0811-hL9536-0.0467-mMET19M01502M1-0.0786-o4O-0.2498-hemA3859-0.0360-cMET19M00798-0.2321-n22N-0.2756-12000000-10000
116
n6N-0.0811-hL9536-0.0467-mMET19M01502M1-0.0786-o4O-0.2498-hemA3859-0.0360-cMET19M00798-0.2321-n22N-0.2756-12000000-193060
117
n6N-0.1212-hL9536-0.0506-mMET19M01502M1-0.3127-o4O-0.1505-hemA3859-0.0405-cMET19M00798-0.1945-n22N-0.1300-12000000-36
118
n6N-0.1212-hL9536-0.0506-mMET19M01502M1-0.3127-o4O-0.1505-hemA3859-0.0405-cMET19M00798-0.1945-n22N-0.1300-12000000-10000
119
n6N-0.1212-hL9536-0.0506-mMET19M01502M1-0.3127-o4O-0.1505-hemA3859-0.0405-cMET19M00798-0.1945-n22N-0.1300-12000000-193060
120
n8N-0.1641-hL9527-0.0103-mMET19M01478M1-0.2327-o7O-0.0258-hemA3851-0.0788-cMET19M00798-0.1131-n25N-0.3752-12000000-36
121
n8N-0.1641-hL9527-0.0103-mMET19M01478M1-0.2327-o7O-0.0258-hemA3851-0.0788-cMET19M00798-0.1131-n25N-0.3752-12000000-10000
122
n8N-0.1641-hL9527-0.0103-mMET19M01478M1-0.2327-o7O-0.0258-hemA3851-0.0788-cMET19M00798-0.1131-n25N-0.3752-12000000-193060
123
n8N-0.1857-hL9527-0.1668-mMET19M01478M1-0.2581-o7O-0.0212-hemA3851-0.0689-cMET19M00798-0.0431-n25N-0.2563-12000000-36
124
n8N-0.1857-hL9527-0.1668-mMET19M01478M1-0.2581-o7O-0.0212-hemA3851-0.0689-cMET19M00798-0.0431-n25N-0.2563-12000000-10000
125
n8N-0.1857-hL9527-0.1668-mMET19M01478M1-0.2581-o7O-0.0212-hemA3851-0.0689-cMET19M00798-0.0431-n25N-0.2563-12000000-193060
126
n8N-0.3546-hL9527-0.0831-mMET19M01478M1-0.0034-o7O-0.2028-hemA3851-0.0440-cMET19M00798-0.1826-n25N-0.1295-12000000-36
127
n8N-0.3546-hL9527-0.0831-mMET19M01478M1-0.0034-o7O-0.2028-hemA3851-0.0440-cMET19M00798-0.1826-n25N-0.1295-12000000-10000
128
n8N-0.3546-hL9527-0.0831-mMET19M01478M1-0.0034-o7O-0.2028-hemA3851-0.0440-cMET19M00798-0.1826-n25N-0.1295-12000000-193060
129
n8N-0.2551-hL9527-0.0403-mMET19M01478M1-0.2253-o7O-0.1890-hemA3851-0.2150-cMET19M00798-0.0725-n25N-0.0029-12000000-36
130
n8N-0.2551-hL9527-0.0403-mMET19M01478M1-0.2253-o7O-0.1890-hemA3851-0.2150-cMET19M00798-0.0725-n25N-0.0029-12000000-10000
131
n8N-0.2551-hL9527-0.0403-mMET19M01478M1-0.2253-o7O-0.1890-hemA3851-0.2150-cMET19M00798-0.0725-n25N-0.0029-12000000-193060
132
n8N-0.0989-hL9527-0.0375-mMET19M01478M1-0.1840-o7O-0.0571-hemA3851-0.2921-cMET19M00798-0.1795-n25N-0.1509-12000000-36
133
n8N-0.0989-hL9527-0.0375-mMET19M01478M1-0.1840-o7O-0.0571-hemA3851-0.2921-cMET19M00798-0.1795-n25N-0.1509-12000000-10000
134
n8N-0.0989-hL9527-0.0375-mMET19M01478M1-0.1840-o7O-0.0571-hemA3851-0.2921-cMET19M00798-0.1795-n25N-0.1509-12000000-193060
135
n8N-0.1437-hL9527-0.1573-mMET19M01478M1-0.0455-o7O-0.0361-hemA3851-0.0897-cMET19M00798-0.0481-n25N-0.4796-12000000-36
136
n8N-0.1437-hL9527-0.1573-mMET19M01478M1-0.0455-o7O-0.0361-hemA3851-0.0897-cMET19M00798-0.0481-n25N-0.4796-12000000-10000
137
n8N-0.1437-hL9527-0.1573-mMET19M01478M1-0.0455-o7O-0.0361-hemA3851-0.0897-cMET19M00798-0.0481-n25N-0.4796-12000000-193060
138
n8N-0.4750-hL9527-0.0942-mMET19M01478M1-0.0136-o7O-0.1994-hemA3851-0.0174-cMET19M00798-0.0776-n25N-0.1227-12000000-36
139
n8N-0.4750-hL9527-0.0942-mMET19M01478M1-0.0136-o7O-0.1994-hemA3851-0.0174-cMET19M00798-0.0776-n25N-0.1227-12000000-10000
140
n8N-0.4750-hL9527-0.0942-mMET19M01478M1-0.0136-o7O-0.1994-hemA3851-0.0174-cMET19M00798-0.0776-n25N-0.1227-12000000-193060
141
n8N-0.1341-hL9527-0.0514-mMET19M01478M1-0.0919-o7O-0.5439-hemA3851-0.0863-cMET19M00798-0.0391-n25N-0.0533-12000000-36
142
n8N-0.1341-hL9527-0.0514-mMET19M01478M1-0.0919-o7O-0.5439-hemA3851-0.0863-cMET19M00798-0.0391-n25N-0.0533-12000000-10000
143
n8N-0.1341-hL9527-0.0514-mMET19M01478M1-0.0919-o7O-0.5439-hemA3851-0.0863-cMET19M00798-0.0391-n25N-0.0533-12000000-193060
144
n8N-0.0811-hL9527-0.0467-mMET19M01478M1-0.0786-o7O-0.2498-hemA3851-0.0360-cMET19M00798-0.2321-n25N-0.2756-12000000-36
145
n8N-0.0811-hL9527-0.0467-mMET19M01478M1-0.0786-o7O-0.2498-hemA3851-0.0360-cMET19M00798-0.2321-n25N-0.2756-12000000-10000
146
n8N-0.0811-hL9527-0.0467-mMET19M01478M1-0.0786-o7O-0.2498-hemA3851-0.0360-cMET19M00798-0.2321-n25N-0.2756-12000000-193060
147
n8N-0.1212-hL9527-0.0506-mMET19M01478M1-0.3127-o7O-0.1505-hemA3851-0.0405-cMET19M00798-0.1945-n25N-0.1300-12000000-36
148
n8N-0.1212-hL9527-0.0506-mMET19M01478M1-0.3127-o7O-0.1505-hemA3851-0.0405-cMET19M00798-0.1945-n25N-0.1300-12000000-10000
149
n8N-0.1212-hL9527-0.0506-mMET19M01478M1-0.3127-o7O-0.1505-hemA3851-0.0405-cMET19M00798-0.1945-n25N-0.1300-12000000-193060
150
n11N-0.1641-h24-0.0103-mMET19M01484M1-0.2327-o1O-0.0258-hemA3847-0.0788-cMET19M00794-0.1131-n26N-0.3752-12000000-36
151
n11N-0.1641-h24-0.0103-mMET19M01484M1-0.2327-o1O-0.0258-hemA3847-0.0788-cMET19M00794-0.1131-n26N-0.3752-12000000-10000
152
n11N-0.1641-h24-0.0103-mMET19M01484M1-0.2327-o1O-0.0258-hemA3847-0.0788-cMET19M00794-0.1131-n26N-0.3752-12000000-193060
153
n11N-0.1857-h24-0.1668-mMET19M01484M1-0.2581-o1O-0.0212-hemA3847-0.0689-cMET19M00794-0.0431-n26N-0.2563-12000000-36
154
n11N-0.1857-h24-0.1668-mMET19M01484M1-0.2581-o1O-0.0212-hemA3847-0.0689-cMET19M00794-0.0431-n26N-0.2563-12000000-10000
155
n11N-0.1857-h24-0.1668-mMET19M01484M1-0.2581-o1O-0.0212-hemA3847-0.0689-cMET19M00794-0.0431-n26N-0.2563-12000000-193060
156
n11N-0.3546-h24-0.0831-mMET19M01484M1-0.0034-o1O-0.2028-hemA3847-0.0440-cMET19M00794-0.1826-n26N-0.1295-12000000-36
157
n11N-0.3546-h24-0.0831-mMET19M01484M1-0.0034-o1O-0.2028-hemA3847-0.0440-cMET19M00794-0.1826-n26N-0.1295-12000000-10000
158
n11N-0.3546-h24-0.0831-mMET19M01484M1-0.0034-o1O-0.2028-hemA3847-0.0440-cMET19M00794-0.1826-n26N-0.1295-12000000-193060
159
n11N-0.2551-h24-0.0403-mMET19M01484M1-0.2253-o1O-0.1890-hemA3847-0.2150-cMET19M00794-0.0725-n26N-0.0029-12000000-36
160
n11N-0.2551-h24-0.0403-mMET19M01484M1-0.2253-o1O-0.1890-hemA3847-0.2150-cMET19M00794-0.0725-n26N-0.0029-12000000-10000
161
n11N-0.2551-h24-0.0403-mMET19M01484M1-0.2253-o1O-0.1890-hemA3847-0.2150-cMET19M00794-0.0725-n26N-0.0029-12000000-193060
162
n11N-0.0989-h24-0.0375-mMET19M01484M1-0.1840-o1O-0.0571-hemA3847-0.2921-cMET19M00794-0.1795-n26N-0.1509-12000000-36
163
n11N-0.0989-h24-0.0375-mMET19M01484M1-0.1840-o1O-0.0571-hemA3847-0.2921-cMET19M00794-0.1795-n26N-0.1509-12000000-10000
164
n11N-0.0989-h24-0.0375-mMET19M01484M1-0.1840-o1O-0.0571-hemA3847-0.2921-cMET19M00794-0.1795-n26N-0.1509-12000000-193060
165
n11N-0.1437-h24-0.1573-mMET19M01484M1-0.0455-o1O-0.0361-hemA3847-0.0897-cMET19M00794-0.0481-n26N-0.4796-12000000-36
166
n11N-0.1437-h24-0.1573-mMET19M01484M1-0.0455-o1O-0.0361-hemA3847-0.0897-cMET19M00794-0.0481-n26N-0.4796-12000000-10000
167
n11N-0.1437-h24-0.1573-mMET19M01484M1-0.0455-o1O-0.0361-hemA3847-0.0897-cMET19M00794-0.0481-n26N-0.4796-12000000-193060
168
n11N-0.4750-h24-0.0942-mMET19M01484M1-0.0136-o1O-0.1994-hemA3847-0.0174-cMET19M00794-0.0776-n26N-0.1227-12000000-36
169
n11N-0.4750-h24-0.0942-mMET19M01484M1-0.0136-o1O-0.1994-hemA3847-0.0174-cMET19M00794-0.0776-n26N-0.1227-12000000-10000
170
n11N-0.4750-h24-0.0942-mMET19M01484M1-0.0136-o1O-0.1994-hemA3847-0.0174-cMET19M00794-0.0776-n26N-0.1227-12000000-193060
171
n11N-0.1341-h24-0.0514-mMET19M01484M1-0.0919-o1O-0.5439-hemA3847-0.0863-cMET19M00794-0.0391-n26N-0.0533-12000000-36
172
n11N-0.1341-h24-0.0514-mMET19M01484M1-0.0919-o1O-0.5439-hemA3847-0.0863-cMET19M00794-0.0391-n26N-0.0533-12000000-10000
173
n11N-0.1341-h24-0.0514-mMET19M01484M1-0.0919-o1O-0.5439-hemA3847-0.0863-cMET19M00794-0.0391-n26N-0.0533-12000000-193060
174
n11N-0.0811-h24-0.0467-mMET19M01484M1-0.0786-o1O-0.2498-hemA3847-0.0360-cMET19M00794-0.2321-n26N-0.2756-12000000-36
175
n11N-0.0811-h24-0.0467-mMET19M01484M1-0.0786-o1O-0.2498-hemA3847-0.0360-cMET19M00794-0.2321-n26N-0.2756-12000000-10000
176
n11N-0.0811-h24-0.0467-mMET19M01484M1-0.0786-o1O-0.2498-hemA3847-0.0360-cMET19M00794-0.2321-n26N-0.2756-12000000-193060
177
n11N-0.1212-h24-0.0506-mMET19M01484M1-0.3127-o1O-0.1505-hemA3847-0.0405-cMET19M00794-0.1945-n26N-0.1300-12000000-36
178
n11N-0.1212-h24-0.0506-mMET19M01484M1-0.3127-o1O-0.1505-hemA3847-0.0405-cMET19M00794-0.1945-n26N-0.1300-12000000-10000
179
n11N-0.1212-h24-0.0506-mMET19M01484M1-0.3127-o1O-0.1505-hemA3847-0.0405-cMET19M00794-0.1945-n26N-0.1300-12000000-193060
180
n6N-0.1641-hL9536-0.0103-mMET19M01502M1-0.2327-o4O-0.0258-hemA3859-0.0788-cMET19M00798-0.1131-n22N-0.3752-12000000-36
181
n6N-0.1641-hL9536-0.0103-mMET19M01502M1-0.2327-o4O-0.0258-hemA3859-0.0788-cMET19M00798-0.1131-n22N-0.3752-12000000-10000
182
n6N-0.1641-hL9536-0.0103-mMET19M01502M1-0.2327-o4O-0.0258-hemA3859-0.0788-cMET19M00798-0.1131-n22N-0.3752-12000000-193060
183
n6N-0.1857-hL9536-0.1668-mMET19M01502M1-0.2581-o4O-0.0212-hemA3859-0.0689-cMET19M00798-0.0431-n22N-0.2563-12000000-36
184
n6N-0.1857-hL9536-0.1668-mMET19M01502M1-0.2581-o4O-0.0212-hemA3859-0.0689-cMET19M00798-0.0431-n22N-0.2563-12000000-10000
185
n6N-0.1857-hL9536-0.1668-mMET19M01502M1-0.2581-o4O-0.0212-hemA3859-0.0689-cMET19M00798-0.0431-n22N-0.2563-12000000-193060
186
n6N-0.3546-hL9536-0.0831-mMET19M01502M1-0.0034-o4O-0.2028-hemA3859-0.0440-cMET19M00798-0.1826-n22N-0.1295-12000000-36
187
n6N-0.3546-hL9536-0.0831-mMET19M01502M1-0.0034-o4O-0.2028-hemA3859-0.0440-cMET19M00798-0.1826-n22N-0.1295-12000000-10000
188
n6N-0.3546-hL9536-0.0831-mMET19M01502M1-0.0034-o4O-0.2028-hemA3859-0.0440-cMET19M00798-0.1826-n22N-0.1295-12000000-193060
189
n6N-0.2551-hL9536-0.0403-mMET19M01502M1-0.2253-o4O-0.1890-hemA3859-0.2150-cMET19M00798-0.0725-n22N-0.0029-12000000-36
190
n6N-0.2551-hL9536-0.0403-mMET19M01502M1-0.2253-o4O-0.1890-hemA3859-0.2150-cMET19M00798-0.0725-n22N-0.0029-12000000-10000
191
n6N-0.2551-hL9536-0.0403-mMET19M01502M1-0.2253-o4O-0.1890-hemA3859-0.2150-cMET19M00798-0.0725-n22N-0.0029-12000000-193060
192
n6N-0.0989-hL9536-0.0375-mMET19M01502M1-0.1840-o4O-0.0571-hemA3859-0.2921-cMET19M00798-0.1795-n22N-0.1509-12000000-36
193
n6N-0.0989-hL9536-0.0375-mMET19M01502M1-0.1840-o4O-0.0571-hemA3859-0.2921-cMET19M00798-0.1795-n22N-0.1509-12000000-10000
194
n6N-0.0989-hL9536-0.0375-mMET19M01502M1-0.1840-o4O-0.0571-hemA3859-0.2921-cMET19M00798-0.1795-n22N-0.1509-12000000-193060
195
n6N-0.1437-hL9536-0.1573-mMET19M01502M1-0.0455-o4O-0.0361-hemA3859-0.0897-cMET19M00798-0.0481-n22N-0.4796-12000000-36
196
n6N-0.1437-hL9536-0.1573-mMET19M01502M1-0.0455-o4O-0.0361-hemA3859-0.0897-cMET19M00798-0.0481-n22N-0.4796-12000000-10000
197
n6N-0.1437-hL9536-0.1573-mMET19M01502M1-0.0455-o4O-0.0361-hemA3859-0.0897-cMET19M00798-0.0481-n22N-0.4796-12000000-193060
198
n6N-0.4750-hL9536-0.0942-mMET19M01502M1-0.0136-o4O-0.1994-hemA3859-0.0174-cMET19M00798-0.0776-n22N-0.1227-12000000-36
199
n6N-0.4750-hL9536-0.0942-mMET19M01502M1-0.0136-o4O-0.1994-hemA3859-0.0174-cMET19M00798-0.0776-n22N-0.1227-12000000-10000
200
